c:\users\divad\documents\coursework_v4\inter\debug-windows-x86_64\game\vc142.pdb
c:\users\divad\documents\coursework_v4\inter\debug-windows-x86_64\game\vc142.idb
c:\users\divad\documents\coursework_v4\inter\debug-windows-x86_64\game\shooter_enemy.obj
c:\users\divad\documents\coursework_v4\inter\debug-windows-x86_64\game\rocket.obj
c:\users\divad\documents\coursework_v4\inter\debug-windows-x86_64\game\quad.obj
c:\users\divad\documents\coursework_v4\inter\debug-windows-x86_64\game\player.obj
c:\users\divad\documents\coursework_v4\inter\debug-windows-x86_64\game\pickup.obj
c:\users\divad\documents\coursework_v4\inter\debug-windows-x86_64\game\melee_enemy.obj
c:\users\divad\documents\coursework_v4\inter\debug-windows-x86_64\game\gun.obj
c:\users\divad\documents\coursework_v4\inter\debug-windows-x86_64\game\gui.obj
c:\users\divad\documents\coursework_v4\inter\debug-windows-x86_64\game\game.obj
c:\users\divad\documents\coursework_v4\inter\debug-windows-x86_64\game\example_layer.obj
c:\users\divad\documents\coursework_v4\inter\debug-windows-x86_64\game\enemy_bullet.obj
c:\users\divad\documents\coursework_v4\inter\debug-windows-x86_64\game\drone.obj
c:\users\divad\documents\coursework_v4\inter\debug-windows-x86_64\game\cutscene.obj
c:\users\divad\documents\coursework_v4\inter\debug-windows-x86_64\game\bullet.obj
c:\users\divad\documents\coursework_v4\inter\debug-windows-x86_64\game\billboard.obj
c:\users\divad\documents\coursework_v4\bin\debug-windows-x86_64\game\game.lib
c:\users\divad\documents\coursework_v4\bin\debug-windows-x86_64\game\game.exp
c:\users\divad\documents\coursework_v4\bin\debug-windows-x86_64\game\game.ilk
c:\users\divad\documents\coursework_v4\bin\debug-windows-x86_64\game\game.exe
c:\users\divad\documents\coursework_v4\bin\debug-windows-x86_64\game\game.pdb
c:\users\divad\documents\coursework_v4\game\..\bin\debug-windows-x86_64\game\game.exe
c:\users\divad\documents\coursework_v4\inter\debug-windows-x86_64\game\game.tlog\cl.command.1.tlog
c:\users\divad\documents\coursework_v4\inter\debug-windows-x86_64\game\game.tlog\cl.read.1.tlog
c:\users\divad\documents\coursework_v4\inter\debug-windows-x86_64\game\game.tlog\cl.write.1.tlog
c:\users\divad\documents\coursework_v4\inter\debug-windows-x86_64\game\game.tlog\game.write.1u.tlog
c:\users\divad\documents\coursework_v4\inter\debug-windows-x86_64\game\game.tlog\link.command.1.tlog
c:\users\divad\documents\coursework_v4\inter\debug-windows-x86_64\game\game.tlog\link.read.1.tlog
c:\users\divad\documents\coursework_v4\inter\debug-windows-x86_64\game\game.tlog\link.write.1.tlog
